<?xml version="1.0" encoding="utf-8"?>
<test-run id="2" name="Delegates.TreeTraversal.exe" fullname="C:/MyRepo/Delegates.TreeTraversal/bin/Debug/Delegates.TreeTraversal.exe" testcasecount="3" result="Failed" start-time="2018-03-28 19:50:11Z" end-time="2018-03-28 19:50:11Z" duration="0.292314" total="3" passed="0" failed="3" inconclusive="0" skipped="0" asserts="1" random-seed="684079991">
  <command-line><![CDATA["C:\MyRepo\Delegates.TreeTraversal\bin\Debug\Delegates.TreeTraversal.exe"   ]]></command-line>
  <filter />
  <test-suite type="Assembly" id="1004" name="Delegates.TreeTraversal.exe" fullname="C:/MyRepo/Delegates.TreeTraversal/bin/Debug/Delegates.TreeTraversal.exe" runstate="Runnable" testcasecount="3" result="Failed" site="Child" start-time="2018-03-28 19:50:11Z" end-time="2018-03-28 19:50:11Z" duration="0.292314" total="3" passed="0" failed="3" warnings="0" inconclusive="0" skipped="0" asserts="1">
    <environment framework-version="3.6.0.0" clr-version="4.0.30319.42000" os-version="Microsoft Windows NT 6.2.9200.0" platform="Win32NT" cwd="C:\MyRepo\Delegates.TreeTraversal\bin\Debug" machine-name="DESKTOP-MJHFLF4" user="altuk" user-domain="DESKTOP-MJHFLF4" culture="en-US" uiculture="en-US" os-architecture="x86" />
    <settings>
      <setting name="WorkDirectory" value="C:\MyRepo\Delegates.TreeTraversal\bin\Debug" />
      <setting name="NumberOfTestWorkers" value="4" />
    </settings>
    <properties>
      <property name="_PID" value="11080" />
      <property name="_APPDOMAIN" value="Delegates.TreeTraversal.exe" />
    </properties>
    <failure>
      <message><![CDATA[One or more child tests had errors]]></message>
    </failure>
    <test-suite type="TestSuite" id="1005" name="Delegates" fullname="Delegates" runstate="Runnable" testcasecount="3" result="Failed" site="Child" start-time="2018-03-28 19:50:11Z" end-time="2018-03-28 19:50:11Z" duration="0.255785" total="3" passed="0" failed="3" warnings="0" inconclusive="0" skipped="0" asserts="1">
      <failure>
        <message><![CDATA[One or more child tests had errors]]></message>
      </failure>
      <test-suite type="TestSuite" id="1006" name="TreeTraversal" fullname="Delegates.TreeTraversal" runstate="Runnable" testcasecount="3" result="Failed" site="Child" start-time="2018-03-28 19:50:11Z" end-time="2018-03-28 19:50:11Z" duration="0.252566" total="3" passed="0" failed="3" warnings="0" inconclusive="0" skipped="0" asserts="1">
        <failure>
          <message><![CDATA[One or more child tests had errors]]></message>
        </failure>
        <test-suite type="TestFixture" id="1000" name="Traversal_should" fullname="Delegates.TreeTraversal.Traversal_should" classname="Delegates.TreeTraversal.Traversal_should" runstate="Runnable" testcasecount="3" result="Failed" site="Child" start-time="2018-03-28 19:50:11Z" end-time="2018-03-28 19:50:11Z" duration="0.241940" total="3" passed="0" failed="3" warnings="0" inconclusive="0" skipped="0" asserts="1">
          <failure>
            <message><![CDATA[One or more child tests had errors]]></message>
          </failure>
          <test-case id="1001" name="GetBinaryTreeValues" fullname="Delegates.TreeTraversal.Traversal_should.GetBinaryTreeValues" methodname="GetBinaryTreeValues" classname="Delegates.TreeTraversal.Traversal_should" runstate="Runnable" seed="346794690" result="Failed" label="Error" start-time="2018-03-28 19:50:11Z" end-time="2018-03-28 19:50:11Z" duration="0.058690" asserts="0">
            <failure>
              <message><![CDATA[System.NotImplementedException : The method or operation is not implemented.]]></message>
              <stack-trace><![CDATA[   at Delegates.TreeTraversal.Traversal.GetBinaryTreeValues(BinaryTree`1 tree) in C:\MyRepo\Delegates.TreeTraversal\Traversal.cs:line 13
   at Delegates.TreeTraversal.Traversal_should.GetBinaryTreeValues() in C:\MyRepo\Delegates.TreeTraversal\Traversal_should.cs:line 52]]></stack-trace>
            </failure>
          </test-case>
          <test-case id="1002" name="GetEndJobs" fullname="Delegates.TreeTraversal.Traversal_should.GetEndJobs" methodname="GetEndJobs" classname="Delegates.TreeTraversal.Traversal_should" runstate="Runnable" seed="1985938714" result="Failed" start-time="2018-03-28 19:50:11Z" end-time="2018-03-28 19:50:11Z" duration="0.140749" asserts="1">
            <failure>
              <message><![CDATA[  Expected: equivalent to < "1", "2", "3" >
  But was:  < "3" >
]]></message>
              <stack-trace><![CDATA[at NUnit.Framework.CollectionAssert.AreEquivalent(IEnumerable expected, IEnumerable actual)
at Delegates.TreeTraversal.Traversal_should.Test[T,TIntermediate](IEnumerable`1 actual, Func`2 selector, TIntermediate[] expected) in C:\MyRepo\Delegates.TreeTraversal\Traversal_should.cs:line 16
at Delegates.TreeTraversal.Traversal_should.GetEndJobs() in C:\MyRepo\Delegates.TreeTraversal\Traversal_should.cs:line 85
]]></stack-trace>
            </failure>
            <assertions>
              <assertion result="Failed">
                <message><![CDATA[  Expected: equivalent to < "1", "2", "3" >
  But was:  < "3" >
]]></message>
                <stack-trace><![CDATA[at NUnit.Framework.CollectionAssert.AreEquivalent(IEnumerable expected, IEnumerable actual)
at Delegates.TreeTraversal.Traversal_should.Test[T,TIntermediate](IEnumerable`1 actual, Func`2 selector, TIntermediate[] expected) in C:\MyRepo\Delegates.TreeTraversal\Traversal_should.cs:line 16
at Delegates.TreeTraversal.Traversal_should.GetEndJobs() in C:\MyRepo\Delegates.TreeTraversal\Traversal_should.cs:line 85
]]></stack-trace>
              </assertion>
            </assertions>
          </test-case>
          <test-case id="1003" name="GetProducts" fullname="Delegates.TreeTraversal.Traversal_should.GetProducts" methodname="GetProducts" classname="Delegates.TreeTraversal.Traversal_should" runstate="Runnable" seed="2137989482" result="Failed" label="Error" start-time="2018-03-28 19:50:11Z" end-time="2018-03-28 19:50:11Z" duration="0.004942" asserts="0">
            <failure>
              <message><![CDATA[System.NotImplementedException : The method or operation is not implemented.]]></message>
              <stack-trace><![CDATA[   at Delegates.TreeTraversal.Traversal.GetProducts(ProductCategory tree) in C:\MyRepo\Delegates.TreeTraversal\Traversal.cs:line 36
   at Delegates.TreeTraversal.Traversal_should.GetProducts() in C:\MyRepo\Delegates.TreeTraversal\Traversal_should.cs:line 131]]></stack-trace>
            </failure>
          </test-case>
        </test-suite>
      </test-suite>
    </test-suite>
  </test-suite>
</test-run>